<?xml version="1.0" encoding="UTF-8"?>
<!-- Generated by org.testng.reporters.JUnitXMLReporter -->
<testsuite ignored="2" hostname="ANITHA" failures="0" tests="3" name="TestRunner-Firefox" time="24.498" errors="0" timestamp="2025-01-21T16:49:16 IST">
  <testcase classname="com.comcast.crm.CreateContactswithBaseClass.CreateContactTest" name="CreateContactTest" time="4.508"/>
  <testcase classname="com.comcast.crm.CreateContactswithBaseClass.CreateContactTest" name="CreateContactwithsupportdatetest" time="4.328"/>
  <testcase classname="com.comcast.crm.CreateContactswithorgTestBaseclass.CreateContactWithOrgTest" name="createorg" time="3.773"/>
  <testcase classname="com.comcast.crm.baseclass.BaseClass" name="@BeforeSuite configBS" time="0.0">
    <ignored/>
  </testcase> <!-- @BeforeSuite configBS -->
  <testcase classname="com.comcast.crm.baseclass.BaseClass" name="@AfterSuite configAS" time="0.0">
    <ignored/>
  </testcase> <!-- @AfterSuite configAS -->
</testsuite> <!-- TestRunner-Firefox -->
