<?xml version="1.0" encoding="UTF-8"?>
<testng-results ignored="0" total="1" passed="0" failed="1" skipped="0">
  <reporter-output>
  </reporter-output>
  <suite started-at="2025-01-27T15:45:21 IST" name="Default suite" finished-at="2025-01-27T15:45:32 IST" duration-ms="10700">
    <groups>
      <group name="smokeTest">
        <method signature="CreateContactWithOrgTest.createorg()[pri:0, instance:com.comcast.crm.CreateContactswithorgTestBaseclass.CreateContactWithOrgTest@397fbdb]" name="createorg" class="com.comcast.crm.CreateContactswithorgTestBaseclass.CreateContactWithOrgTest"/>
      </group> <!-- smokeTest -->
    </groups>
    <test started-at="2025-01-27T15:45:21 IST" name="Default test" finished-at="2025-01-27T15:45:32 IST" duration-ms="10700">
      <class name="com.comcast.crm.CreateContactswithorgTestBaseclass.CreateContactWithOrgTest">
        <test-method is-config="true" signature="configBS()[pri:0, instance:com.comcast.crm.CreateContactswithorgTestBaseclass.CreateContactWithOrgTest@397fbdb]" started-at="2025-01-27T15:45:21 IST" name="configBS" finished-at="2025-01-27T15:45:21 IST" duration-ms="21" status="PASS">
          <reporter-output>
          </reporter-output>
        </test-method> <!-- configBS -->
        <test-method is-config="true" signature="configBC()[pri:0, instance:com.comcast.crm.CreateContactswithorgTestBaseclass.CreateContactWithOrgTest@397fbdb]" started-at="2025-01-27T15:45:21 IST" name="configBC" finished-at="2025-01-27T15:45:23 IST" duration-ms="1460" status="PASS">
          <reporter-output>
          </reporter-output>
        </test-method> <!-- configBC -->
        <test-method is-config="true" signature="configBM()[pri:0, instance:com.comcast.crm.CreateContactswithorgTestBaseclass.CreateContactWithOrgTest@397fbdb]" started-at="2025-01-27T15:45:23 IST" name="configBM" finished-at="2025-01-27T15:45:29 IST" duration-ms="6485" status="PASS">
          <reporter-output>
          </reporter-output>
        </test-method> <!-- configBM -->
        <test-method signature="createorg()[pri:0, instance:com.comcast.crm.CreateContactswithorgTestBaseclass.CreateContactWithOrgTest@397fbdb]" started-at="2025-01-27T15:45:29 IST" name="createorg" finished-at="2025-01-27T15:45:31 IST" duration-ms="1532" status="FAIL">
          <exception class="java.lang.NullPointerException">
            <message>
              <![CDATA[Cannot invoke "org.apache.poi.ss.usermodel.Cell.getStringCellValue()" because the return value of "org.apache.poi.ss.usermodel.Row.getCell(int)" is null]]>
            </message>
            <full-stacktrace>
              <![CDATA[java.lang.NullPointerException: Cannot invoke "org.apache.poi.ss.usermodel.Cell.getStringCellValue()" because the return value of "org.apache.poi.ss.usermodel.Row.getCell(int)" is null
at com.comcast.crm.generic.fileutility.ExcelUtility.getdatafromexcel(ExcelUtility.java:19)
at com.comcast.crm.CreateContactswithorgTestBaseclass.CreateContactWithOrgTest.createorg(CreateContactWithOrgTest.java:31)
at java.base/jdk.internal.reflect.NativeMethodAccessorImpl.invoke0(Native Method)
at java.base/jdk.internal.reflect.NativeMethodAccessorImpl.invoke(NativeMethodAccessorImpl.java:77)
at java.base/jdk.internal.reflect.DelegatingMethodAccessorImpl.invoke(DelegatingMethodAccessorImpl.java:43)
at java.base/java.lang.reflect.Method.invoke(Method.java:568)
at org.testng.internal.invokers.MethodInvocationHelper.invokeMethod(MethodInvocationHelper.java:139)
at org.testng.internal.invokers.TestInvoker.invokeMethod(TestInvoker.java:664)
at org.testng.internal.invokers.TestInvoker.invokeTestMethod(TestInvoker.java:227)
at org.testng.internal.invokers.MethodRunner.runInSequence(MethodRunner.java:50)
at org.testng.internal.invokers.TestInvoker$MethodInvocationAgent.invoke(TestInvoker.java:957)
at org.testng.internal.invokers.TestInvoker.invokeTestMethods(TestInvoker.java:200)
at org.testng.internal.invokers.TestMethodWorker.invokeTestMethods(TestMethodWorker.java:148)
at org.testng.internal.invokers.TestMethodWorker.run(TestMethodWorker.java:128)
at java.base/java.util.ArrayList.forEach(ArrayList.java:1511)
at org.testng.TestRunner.privateRun(TestRunner.java:848)
at org.testng.TestRunner.run(TestRunner.java:621)
at org.testng.SuiteRunner.runTest(SuiteRunner.java:443)
at org.testng.SuiteRunner.runSequentially(SuiteRunner.java:437)
at org.testng.SuiteRunner.privateRun(SuiteRunner.java:397)
at org.testng.SuiteRunner.run(SuiteRunner.java:336)
at org.testng.SuiteRunnerWorker.runSuite(SuiteRunnerWorker.java:52)
at org.testng.SuiteRunnerWorker.run(SuiteRunnerWorker.java:95)
at org.testng.TestNG.runSuitesSequentially(TestNG.java:1280)
at org.testng.TestNG.runSuitesLocally(TestNG.java:1200)
at org.testng.TestNG.runSuites(TestNG.java:1114)
at org.testng.TestNG.run(TestNG.java:1082)
at org.testng.remote.AbstractRemoteTestNG.run(AbstractRemoteTestNG.java:115)
at org.testng.remote.RemoteTestNG.initAndRun(RemoteTestNG.java:293)
at org.testng.remote.RemoteTestNG.main(RemoteTestNG.java:91)
]]>
            </full-stacktrace>
          </exception> <!-- java.lang.NullPointerException -->
          <reporter-output>
          </reporter-output>
        </test-method> <!-- createorg -->
        <test-method is-config="true" signature="configAM()[pri:0, instance:com.comcast.crm.CreateContactswithorgTestBaseclass.CreateContactWithOrgTest@397fbdb]" started-at="2025-01-27T15:45:31 IST" name="configAM" finished-at="2025-01-27T15:45:32 IST" duration-ms="783" status="PASS">
          <reporter-output>
          </reporter-output>
        </test-method> <!-- configAM -->
        <test-method is-config="true" signature="configAC()[pri:0, instance:com.comcast.crm.CreateContactswithorgTestBaseclass.CreateContactWithOrgTest@397fbdb]" started-at="2025-01-27T15:45:32 IST" name="configAC" finished-at="2025-01-27T15:45:32 IST" duration-ms="222" status="PASS">
          <reporter-output>
          </reporter-output>
        </test-method> <!-- configAC -->
        <test-method is-config="true" signature="configAS()[pri:0, instance:com.comcast.crm.CreateContactswithorgTestBaseclass.CreateContactWithOrgTest@397fbdb]" started-at="2025-01-27T15:45:32 IST" name="configAS" finished-at="2025-01-27T15:45:32 IST" duration-ms="0" status="PASS">
          <reporter-output>
          </reporter-output>
        </test-method> <!-- configAS -->
      </class> <!-- com.comcast.crm.CreateContactswithorgTestBaseclass.CreateContactWithOrgTest -->
    </test> <!-- Default test -->
  </suite> <!-- Default suite -->
</testng-results>
